<?xml version="1.0" encoding="UTF-8"?>
<!-- Generated by org.testng.reporters.JUnitXMLReporter -->
<testsuite hostname="TRICONNODE109" name="sample test" tests="3" failures="2" timestamp="13 Dec 2016 10:23:17 GMT" time="78.673" errors="0">
  <testcase name="verifyHomePage" time="0.338" classname="com.pack.common.tests.BasePageTest"/>
  <testcase name="verifySignInFunction" time="18.73" classname="com.pack.common.tests.SignInPageTest">
    <failure type="org.openqa.selenium.NoSuchElementException" message="Unable to locate element: {&amp;quot;method&amp;quot;:&amp;quot;id&amp;quot;,&amp;quot;selector&amp;quot;:&amp;quot;Passwd&amp;quot;}
Command duration or timeout: 60 milliseconds
For documentation on this error, please visit: http://seleniumhq.org/exceptions/no_such_element.html
Build info: version: &amp;apos;unknown&amp;apos;, revision: &amp;apos;unknown&amp;apos;, time: &amp;apos;unknown&amp;apos;
System info: host: &amp;apos;TRICONNODE109&amp;apos;, ip: &amp;apos;192.168.1.39&amp;apos;, os.name: &amp;apos;Windows 7&amp;apos;, os.arch: &amp;apos;amd64&amp;apos;, os.version: &amp;apos;6.1&amp;apos;, java.version: &amp;apos;1.7.0_80-ea&amp;apos;
*** Element info: {Using=id, value=Passwd}
Session ID: fc379711-ab1a-4680-a8f7-192edef4fdbd
Driver info: org.openqa.selenium.firefox.FirefoxDriver
Capabilities [{platform=WINDOWS, acceptSslCerts=true, javascriptEnabled=true, cssSelectorsEnabled=true, databaseEnabled=true, browserName=firefox, handlesAlerts=true, browserConnectionEnabled=true, nativeEvents=false, webStorageEnabled=true, rotatable=false, locationContextEnabled=true, applicationCacheEnabled=true, takesScreenshot=true, version=27.0.1}]">
      <![CDATA[org.openqa.selenium.NoSuchElementException: Unable to locate element: {"method":"id","selector":"Passwd"}
Command duration or timeout: 60 milliseconds
For documentation on this error, please visit: http://seleniumhq.org/exceptions/no_such_element.html
Build info: version: 'unknown', revision: 'unknown', time: 'unknown'
System info: host: 'TRICONNODE109', ip: '192.168.1.39', os.name: 'Windows 7', os.arch: 'amd64', os.version: '6.1', java.version: '1.7.0_80-ea'
*** Element info: {Using=id, value=Passwd}
Session ID: fc379711-ab1a-4680-a8f7-192edef4fdbd
Driver info: org.openqa.selenium.firefox.FirefoxDriver
Capabilities [{platform=WINDOWS, acceptSslCerts=true, javascriptEnabled=true, cssSelectorsEnabled=true, databaseEnabled=true, browserName=firefox, handlesAlerts=true, browserConnectionEnabled=true, nativeEvents=false, webStorageEnabled=true, rotatable=false, locationContextEnabled=true, applicationCacheEnabled=true, takesScreenshot=true, version=27.0.1}]
	at org.openqa.selenium.remote.ErrorHandler.createThrowable(ErrorHandler.java:204)
	at org.openqa.selenium.remote.ErrorHandler.throwIfResponseFailed(ErrorHandler.java:156)
	at org.openqa.selenium.remote.RemoteWebDriver.execute(RemoteWebDriver.java:599)
	at org.openqa.selenium.remote.RemoteWebDriver.findElement(RemoteWebDriver.java:352)
	at org.openqa.selenium.remote.RemoteWebDriver.findElementById(RemoteWebDriver.java:393)
	at org.openqa.selenium.By$ById.findElement(By.java:214)
	at org.openqa.selenium.remote.RemoteWebDriver.findElement(RemoteWebDriver.java:344)
	at come.pack.common.pageobjects.SignInPage.enterPassword(SignInPage.java:59)
	at come.pack.common.pageobjects.SignInPage.verifySignIn(SignInPage.java:47)
	at com.pack.common.tests.SignInPageTest.verifySignInFunction(SignInPageTest.java:29)
Caused by: org.openqa.selenium.NoSuchElementException: Unable to locate element: {"method":"id","selector":"Passwd"}
For documentation on this error, please visit: http://seleniumhq.org/exceptions/no_such_element.html
Build info: version: 'unknown', revision: 'unknown', time: 'unknown'
System info: host: 'TRICONNODE109', ip: '192.168.1.39', os.name: 'Windows 7', os.arch: 'amd64', os.version: '6.1', java.version: '1.7.0_80-ea'
Driver info: driver.version: unknown
	at <anonymous class>.FirefoxDriver.prototype.findElementInternal_(file:///C:/Users/mahadev/AppData/Local/Temp/anonymous1093897129769507638webdriver-profile/extensions/fxdriver@googlecode.com/components/driver-component.js:10271)
	at <anonymous class>.FirefoxDriver.prototype.findElement(file:///C:/Users/mahadev/AppData/Local/Temp/anonymous1093897129769507638webdriver-profile/extensions/fxdriver@googlecode.com/components/driver-component.js:10280)
	at <anonymous class>.DelayedCommand.prototype.executeInternal_/h(file:///C:/Users/mahadev/AppData/Local/Temp/anonymous1093897129769507638webdriver-profile/extensions/fxdriver@googlecode.com/components/command-processor.js:12274)
	at <anonymous class>.DelayedCommand.prototype.executeInternal_(file:///C:/Users/mahadev/AppData/Local/Temp/anonymous1093897129769507638webdriver-profile/extensions/fxdriver@googlecode.com/components/command-processor.js:12279)
	at <anonymous class>.DelayedCommand.prototype.execute/<(file:///C:/Users/mahadev/AppData/Local/Temp/anonymous1093897129769507638webdriver-profile/extensions/fxdriver@googlecode.com/components/command-processor.js:12221)
... Removed 28 stack frames]]>
    </failure>
  </testcase> <!-- verifySignInFunction -->
  <testcase name="verifyCreateAnAccounPage" time="4.403" classname="com.pack.common.tests.CreateAnAccounTest">
    <failure type="java.lang.AssertionError" message="Page title not matching expected [true] but found [false]">
      <![CDATA[java.lang.AssertionError: Page title not matching expected [true] but found [false]
	at com.pack.common.tests.CreateAnAccounTest.verifyCreateAnAccounPage(CreateAnAccounTest.java:30)
... Removed 27 stack frames]]>
    </failure>
  </testcase> <!-- verifyCreateAnAccounPage -->
</testsuite> <!-- sample test -->
